<?xml version="1.0" encoding="UTF-8"?>
<!-- Generated by org.testng.reporters.JUnitReportReporter -->
<testsuite hostname="CLASS01" name="com.softserve.edu.reg.AppTest" tests="1" failures="0" timestamp="2 Nov 2016 18:07:23 GMT" time="0.011" errors="0">
  <testcase name="testApp" time="0.011" classname="com.softserve.edu.reg.AppTest"/>
</testsuite> <!-- com.softserve.edu.reg.AppTest -->
