<?xml version="1.0" encoding="UTF-8"?>
<!-- Generated by org.testng.reporters.JUnitReportReporter -->
<testsuite hostname="CLASS01" name="com.softserve.edu.reg.tests.LoginTest" tests="1" failures="0" timestamp="2 Nov 2016 18:04:10 GMT" time="17.459" errors="0">
  <testcase name="checkAdminLogin" time="17.459" classname="com.softserve.edu.reg.tests.LoginTest"/>
</testsuite> <!-- com.softserve.edu.reg.tests.LoginTest -->
